16-Dec-2015 15:46:04.616 INFO [main] org.apache.catalina.startup.VersionLoggerListener.log Server version:        Apache Tomcat/8.0.30
16-Dec-2015 15:46:04.616 INFO [main] org.apache.catalina.startup.VersionLoggerListener.log Server built:          Dec 1 2015 22:30:46 UTC
16-Dec-2015 15:46:04.621 INFO [main] org.apache.catalina.startup.VersionLoggerListener.log Server number:         8.0.30.0
16-Dec-2015 15:46:04.621 INFO [main] org.apache.catalina.startup.VersionLoggerListener.log OS Name:               Windows 10
16-Dec-2015 15:46:04.621 INFO [main] org.apache.catalina.startup.VersionLoggerListener.log OS Version:            10.0
16-Dec-2015 15:46:04.621 INFO [main] org.apache.catalina.startup.VersionLoggerListener.log Architecture:          amd64
16-Dec-2015 15:46:04.621 INFO [main] org.apache.catalina.startup.VersionLoggerListener.log Java Home:             C:\Program Files\Java\jdk1.8.0_65\jre
16-Dec-2015 15:46:04.621 INFO [main] org.apache.catalina.startup.VersionLoggerListener.log JVM Version:           1.8.0_65-b17
16-Dec-2015 15:46:04.621 INFO [main] org.apache.catalina.startup.VersionLoggerListener.log JVM Vendor:            Oracle Corporation
16-Dec-2015 15:46:04.621 INFO [main] org.apache.catalina.startup.VersionLoggerListener.log CATALINA_BASE:         C:\Users\Aditya tiwari\Downloads\Compressed\apache-tomcat-8.0.30
16-Dec-2015 15:46:04.621 INFO [main] org.apache.catalina.startup.VersionLoggerListener.log CATALINA_HOME:         C:\Users\Aditya tiwari\Downloads\Compressed\apache-tomcat-8.0.30
16-Dec-2015 15:46:04.626 INFO [main] org.apache.catalina.startup.VersionLoggerListener.log Command line argument: -Djava.util.logging.config.file=C:\Users\Aditya tiwari\Downloads\Compressed\apache-tomcat-8.0.30\conf\logging.properties
16-Dec-2015 15:46:04.626 INFO [main] org.apache.catalina.startup.VersionLoggerListener.log Command line argument: -Djava.util.logging.manager=org.apache.juli.ClassLoaderLogManager
16-Dec-2015 15:46:04.626 INFO [main] org.apache.catalina.startup.VersionLoggerListener.log Command line argument: -Djava.endorsed.dirs=C:\Users\Aditya tiwari\Downloads\Compressed\apache-tomcat-8.0.30\endorsed
16-Dec-2015 15:46:04.626 INFO [main] org.apache.catalina.startup.VersionLoggerListener.log Command line argument: -Dcatalina.base=C:\Users\Aditya tiwari\Downloads\Compressed\apache-tomcat-8.0.30
16-Dec-2015 15:46:04.626 INFO [main] org.apache.catalina.startup.VersionLoggerListener.log Command line argument: -Dcatalina.home=C:\Users\Aditya tiwari\Downloads\Compressed\apache-tomcat-8.0.30
16-Dec-2015 15:46:04.631 INFO [main] org.apache.catalina.startup.VersionLoggerListener.log Command line argument: -Djava.io.tmpdir=C:\Users\Aditya tiwari\Downloads\Compressed\apache-tomcat-8.0.30\temp
16-Dec-2015 15:46:04.631 INFO [main] org.apache.catalina.core.AprLifecycleListener.lifecycleEvent Loaded APR based Apache Tomcat Native library 1.1.33 using APR version 1.5.1.
16-Dec-2015 15:46:04.631 INFO [main] org.apache.catalina.core.AprLifecycleListener.lifecycleEvent APR capabilities: IPv6 [true], sendfile [true], accept filters [false], random [true].
16-Dec-2015 15:46:05.784 INFO [main] org.apache.catalina.core.AprLifecycleListener.initializeSSL OpenSSL successfully initialized (OpenSSL 1.0.1m 19 Mar 2015)
16-Dec-2015 15:46:07.563 INFO [main] org.apache.coyote.AbstractProtocol.init Initializing ProtocolHandler ["http-apr-8080"]
16-Dec-2015 15:46:07.588 INFO [main] org.apache.coyote.AbstractProtocol.init Initializing ProtocolHandler ["ajp-apr-8009"]
16-Dec-2015 15:46:07.593 INFO [main] org.apache.catalina.startup.Catalina.load Initialization processed in 5300 ms
16-Dec-2015 15:46:07.750 INFO [main] org.apache.catalina.core.StandardService.startInternal Starting service Catalina
16-Dec-2015 15:46:07.754 INFO [main] org.apache.catalina.core.StandardEngine.startInternal Starting Servlet Engine: Apache Tomcat/8.0.30
16-Dec-2015 15:46:07.826 INFO [localhost-startStop-1] org.apache.catalina.startup.HostConfig.deployDirectory Deploying web application directory C:\Users\Aditya tiwari\Downloads\Compressed\apache-tomcat-8.0.30\webapps\docs
16-Dec-2015 15:46:08.838 INFO [localhost-startStop-1] org.apache.catalina.util.SessionIdGeneratorBase.createSecureRandom Creation of SecureRandom instance for session ID generation using [SHA1PRNG] took [372] milliseconds.
16-Dec-2015 15:46:08.883 INFO [localhost-startStop-1] org.apache.catalina.startup.HostConfig.deployDirectory Deployment of web application directory C:\Users\Aditya tiwari\Downloads\Compressed\apache-tomcat-8.0.30\webapps\docs has finished in 1,057 ms
16-Dec-2015 15:46:08.884 INFO [localhost-startStop-1] org.apache.catalina.startup.HostConfig.deployDirectory Deploying web application directory C:\Users\Aditya tiwari\Downloads\Compressed\apache-tomcat-8.0.30\webapps\examples
16-Dec-2015 15:46:11.250 INFO [localhost-startStop-1] org.apache.catalina.startup.HostConfig.deployDirectory Deployment of web application directory C:\Users\Aditya tiwari\Downloads\Compressed\apache-tomcat-8.0.30\webapps\examples has finished in 2,366 ms
16-Dec-2015 15:46:11.255 INFO [localhost-startStop-1] org.apache.catalina.startup.HostConfig.deployDirectory Deploying web application directory C:\Users\Aditya tiwari\Downloads\Compressed\apache-tomcat-8.0.30\webapps\host-manager
16-Dec-2015 15:46:11.341 INFO [localhost-startStop-1] org.apache.catalina.startup.HostConfig.deployDirectory Deployment of web application directory C:\Users\Aditya tiwari\Downloads\Compressed\apache-tomcat-8.0.30\webapps\host-manager has finished in 86 ms
16-Dec-2015 15:46:11.341 INFO [localhost-startStop-1] org.apache.catalina.startup.HostConfig.deployDirectory Deploying web application directory C:\Users\Aditya tiwari\Downloads\Compressed\apache-tomcat-8.0.30\webapps\manager
16-Dec-2015 15:46:11.441 INFO [localhost-startStop-1] org.apache.catalina.startup.HostConfig.deployDirectory Deployment of web application directory C:\Users\Aditya tiwari\Downloads\Compressed\apache-tomcat-8.0.30\webapps\manager has finished in 100 ms
16-Dec-2015 15:46:11.441 INFO [localhost-startStop-1] org.apache.catalina.startup.HostConfig.deployDirectory Deploying web application directory C:\Users\Aditya tiwari\Downloads\Compressed\apache-tomcat-8.0.30\webapps\ROOT
16-Dec-2015 15:46:11.506 INFO [localhost-startStop-1] org.apache.catalina.startup.HostConfig.deployDirectory Deployment of web application directory C:\Users\Aditya tiwari\Downloads\Compressed\apache-tomcat-8.0.30\webapps\ROOT has finished in 65 ms
16-Dec-2015 15:46:11.512 INFO [main] org.apache.coyote.AbstractProtocol.start Starting ProtocolHandler ["http-apr-8080"]
16-Dec-2015 15:46:11.522 INFO [main] org.apache.coyote.AbstractProtocol.start Starting ProtocolHandler ["ajp-apr-8009"]
16-Dec-2015 15:46:11.524 INFO [main] org.apache.catalina.startup.Catalina.start Server startup in 3930 ms
16-Dec-2015 15:46:59.208 INFO [main] org.apache.catalina.core.StandardServer.await A valid shutdown command was received via the shutdown port. Stopping the Server instance.
16-Dec-2015 15:46:59.208 INFO [main] org.apache.coyote.AbstractProtocol.pause Pausing ProtocolHandler ["http-apr-8080"]
16-Dec-2015 15:46:59.404 INFO [main] org.apache.coyote.AbstractProtocol.pause Pausing ProtocolHandler ["ajp-apr-8009"]
16-Dec-2015 15:46:59.664 INFO [main] org.apache.catalina.core.StandardService.stopInternal Stopping service Catalina
16-Dec-2015 15:46:59.829 INFO [main] org.apache.coyote.AbstractProtocol.stop Stopping ProtocolHandler ["http-apr-8080"]
16-Dec-2015 15:46:59.879 INFO [main] org.apache.coyote.AbstractProtocol.stop Stopping ProtocolHandler ["ajp-apr-8009"]
16-Dec-2015 15:46:59.933 INFO [main] org.apache.coyote.AbstractProtocol.destroy Destroying ProtocolHandler ["http-apr-8080"]
16-Dec-2015 15:46:59.933 INFO [main] org.apache.coyote.AbstractProtocol.destroy Destroying ProtocolHandler ["ajp-apr-8009"]
